/*C12*/SET SCHEMA PUBLIC
DELETE FROM DATABASECHANGELOGLOCK WHERE ID=1
INSERT INTO DATABASECHANGELOGLOCK VALUES(1,TRUE,'2021-07-08 16:01:41.747000','DESKTOP-C7NUJ2S (192.168.43.58)')
COMMIT
CREATE TABLE PUBLIC.DATABASECHANGELOG (ID VARCHAR(255) NOT NULL, AUTHOR VARCHAR(255) NOT NULL, FILENAME VARCHAR(255) NOT NULL, DATEEXECUTED TIMESTAMP NOT NULL, ORDEREXECUTED INT NOT NULL, EXECTYPE VARCHAR(10) NOT NULL, MD5SUM VARCHAR(35), DESCRIPTION VARCHAR(255), COMMENTS VARCHAR(255), TAG VARCHAR(255), LIQUIBASE VARCHAR(20), CONTEXTS VARCHAR(255), LABELS VARCHAR(255), DEPLOYMENT_ID VARCHAR(10))
DELETE FROM DATABASECHANGELOGLOCK WHERE ID=1
INSERT INTO DATABASECHANGELOGLOCK VALUES(1,FALSE,NULL,NULL)
COMMIT
DELETE FROM DATABASECHANGELOGLOCK WHERE ID=1
INSERT INTO DATABASECHANGELOGLOCK VALUES(1,TRUE,'2021-07-08 16:01:42.582000','DESKTOP-C7NUJ2S (192.168.43.58)')
COMMIT
INSERT INTO DATABASECHANGELOG VALUES('0','mngerasimenko','db.changelog/db.changelog-master.xml','2021-07-08 16:01:42.597000',1,'EXECUTED','8:a65a0e7f01065ca4adb7cea9e45e72b0','tagDatabase','','db_init','4.3.5',NULL,NULL,'5745702502')
COMMIT
CREATE TABLE IF NOT EXISTS bk_client\u000a(\u000a    client_id UUID         not null,\u000a    fio       VARCHAR(100) not null,\u000a    telephone VARCHAR(15)  not null,\u000a    email     VARCHAR(50)  not null,\u000a    passport  VARCHAR(100) not null,\u000a    PRIMARY KEY (client_id)\u000a)
INSERT INTO DATABASECHANGELOG VALUES('2','mngerasimenko','db.changelog/v-1.0/01-changeset-client-table.xml','2021-07-08 16:01:42.614000',2,'EXECUTED','8:4908cb79e0972cad68db27450241d7b1','sqlFile','',NULL,'4.3.5',NULL,NULL,'5745702502')
COMMIT
CREATE TABLE IF NOT EXISTS bk_credit\u000a(\u000a    credit_id  UUID not null,\u000a    limit_am   DOUBLE,\u000a    percent_am DOUBLE,\u000a    PRIMARY KEY (credit_id)\u000a)
INSERT INTO DATABASECHANGELOG VALUES('3','mngerasimenko','db.changelog/v-1.0/01-changeset-credit-table.xml','2021-07-08 16:01:42.620000',3,'EXECUTED','8:9caf6884293ae8a2b02eb2ee957c071c','sqlFile','',NULL,'4.3.5',NULL,NULL,'5745702502')
COMMIT
CREATE TABLE IF NOT EXISTS bk_bank\u000a(\u000a    bank_id   UUID not null,\u000a    client_id UUID not null,\u000a    credit_id UUID not null,\u000a    PRIMARY KEY (bank_id),\u000a    FOREIGN KEY (client_id) REFERENCES bk_client (client_id) ON DELETE RESTRICT,\u000a    FOREIGN KEY (credit_id) REFERENCES bk_credit (credit_id) ON DELETE RESTRICT\u000a)
INSERT INTO DATABASECHANGELOG VALUES('5','mngerasimenko','db.changelog/v-1.0/01-changeset-bank-table.xml','2021-07-08 16:01:42.628000',4,'EXECUTED','8:308f31c7ebe879fccd985cfdba7bb160','sqlFile','',NULL,'4.3.5',NULL,NULL,'5745702502')
COMMIT
CREATE TABLE IF NOT EXISTS bk_offer\u000a(\u000a    offer_id  UUID not null,\u000a    client_id UUID not null,\u000a    credit_id UUID not null,\u000a    amount    DOUBLE,\u000a    PRIMARY KEY (offer_id),\u000a    FOREIGN KEY (client_id) REFERENCES bk_client (client_id) ON DELETE RESTRICT,\u000a    FOREIGN KEY (credit_id) REFERENCES bk_credit (credit_id) ON DELETE RESTRICT\u000a)
INSERT INTO DATABASECHANGELOG VALUES('4','mngerasimenko','db.changelog/v-1.0/01-changeset-offer-table.xml','2021-07-08 16:01:42.639000',5,'EXECUTED','8:9622e25090a029ee7f61f70d0dea5572','sqlFile','',NULL,'4.3.5',NULL,NULL,'5745702502')
COMMIT
CREATE TABLE IF NOT EXISTS bk_schedule\u000a(\u000a    schedule_id UUID     not null,\u000a    date        DATETIME not null,\u000a    offer_id    UUID     not null,\u000a    payment_am  DOUBLE,\u000a    body_am     DOUBLE,\u000a    percent_am  DOUBLE,\u000a    PRIMARY KEY (schedule_id),\u000a    FOREIGN KEY (offer_id) REFERENCES bk_offer (offer_id) ON DELETE RESTRICT\u000a)
INSERT INTO DATABASECHANGELOG VALUES('6','mngerasimenko','db.changelog/v-1.0/01-changeset-schedule-table.xml','2021-07-08 16:01:42.646000',6,'EXECUTED','8:06aed9992c9d992a34850fc176e0f6e2','sqlFile','',NULL,'4.3.5',NULL,NULL,'5745702502')
COMMIT
DELETE FROM DATABASECHANGELOGLOCK WHERE ID=1
INSERT INTO DATABASECHANGELOGLOCK VALUES(1,FALSE,NULL,NULL)
COMMIT
INSERT INTO BK_CLIENT VALUES('032f485d-6c66-4260-887e-43152dc45999','Maslov O.P.','+78479731122','trfgrd@mail.ru','1234 555456')
COMMIT
